  main.cpp
C:\Users\marzi\Documents\PG\bulletHell\191005\main.cpp(155,12): warning C4244: "argument": konwersja z "time_t" do "unsigned int", możliwa utrata danych
C:\Users\marzi\Documents\PG\bulletHell\191005\main.cpp(382,61): warning C4244: "argument": konwersja z "double" do "int", możliwa utrata danych
C:\Users\marzi\Documents\PG\bulletHell\191005\main.cpp(381,61): warning C4244: "argument": konwersja z "double" do "int", możliwa utrata danych
C:\Users\marzi\Documents\PG\bulletHell\191005\main.cpp(392,20): warning C4244: "argument": konwersja z "double" do "int", możliwa utrata danych
C:\Users\marzi\Documents\PG\bulletHell\191005\main.cpp(391,19): warning C4244: "argument": konwersja z "double" do "int", możliwa utrata danych
C:\Users\marzi\Documents\PG\bulletHell\191005\main.cpp(398,104): warning C4244: "argument": konwersja z "double" do "int", możliwa utrata danych
C:\Users\marzi\Documents\PG\bulletHell\191005\main.cpp(397,103): warning C4244: "argument": konwersja z "double" do "int", możliwa utrata danych
C:\Users\marzi\Documents\PG\bulletHell\191005\main.cpp(408,57): warning C4244: "argument": konwersja z "double" do "int", możliwa utrata danych
C:\Users\marzi\Documents\PG\bulletHell\191005\main.cpp(407,56): warning C4244: "argument": konwersja z "double" do "int", możliwa utrata danych
C:\Users\marzi\Documents\PG\bulletHell\191005\main.cpp(414,40): warning C4244: "argument": konwersja z "double" do "int", możliwa utrata danych
C:\Users\marzi\Documents\PG\bulletHell\191005\main.cpp(413,40): warning C4244: "argument": konwersja z "double" do "int", możliwa utrata danych
C:\Users\marzi\Documents\PG\bulletHell\191005\main.cpp(418,98): warning C4244: "argument": konwersja z "double" do "int", możliwa utrata danych
C:\Users\marzi\Documents\PG\bulletHell\191005\main.cpp(418,65): warning C4244: "argument": konwersja z "double" do "int", możliwa utrata danych
C:\Users\marzi\Documents\PG\bulletHell\191005\main.cpp(424,36): warning C4244: "argument": konwersja z "double" do "int", możliwa utrata danych
C:\Users\marzi\Documents\PG\bulletHell\191005\main.cpp(423,36): warning C4244: "argument": konwersja z "double" do "int", możliwa utrata danych
C:\Users\marzi\Documents\PG\bulletHell\191005\main.cpp(430,47): warning C4244: "argument": konwersja z "double" do "int", możliwa utrata danych
C:\Users\marzi\Documents\PG\bulletHell\191005\main.cpp(429,47): warning C4244: "argument": konwersja z "double" do "int", możliwa utrata danych
C:\Users\marzi\Documents\PG\bulletHell\191005\main.cpp(439,89): warning C4244: "argument": konwersja z "double" do "int", możliwa utrata danych
C:\Users\marzi\Documents\PG\bulletHell\191005\main.cpp(443,93): warning C4244: "argument": konwersja z "double" do "int", możliwa utrata danych
C:\Users\marzi\Documents\PG\bulletHell\191005\main.cpp(449,105): warning C4267: "argument": konwersja z "size_t" do "int", możliwa utrata danych
C:\Users\marzi\Documents\PG\bulletHell\191005\main.cpp(452,106): warning C4267: "argument": konwersja z "size_t" do "int", możliwa utrata danych
C:\Users\marzi\Documents\PG\bulletHell\191005\main.cpp(455,106): warning C4267: "argument": konwersja z "size_t" do "int", możliwa utrata danych
C:\Users\marzi\Documents\PG\bulletHell\191005\main.cpp(463,108): warning C4267: "argument": konwersja z "size_t" do "int", możliwa utrata danych
C:\Users\marzi\Documents\PG\bulletHell\191005\main.cpp(437,2): warning C4996: 'sprintf': This function or variable may be unsafe. Consider using sprintf_s instead. To disable deprecation, use _CRT_SECURE_NO_WARNINGS. See online help for details.
C:\Users\marzi\Documents\PG\bulletHell\191005\main.cpp(441,2): warning C4996: 'sprintf': This function or variable may be unsafe. Consider using sprintf_s instead. To disable deprecation, use _CRT_SECURE_NO_WARNINGS. See online help for details.
C:\Users\marzi\Documents\PG\bulletHell\191005\main.cpp(448,2): warning C4996: 'sprintf': This function or variable may be unsafe. Consider using sprintf_s instead. To disable deprecation, use _CRT_SECURE_NO_WARNINGS. See online help for details.
C:\Users\marzi\Documents\PG\bulletHell\191005\main.cpp(451,2): warning C4996: 'sprintf': This function or variable may be unsafe. Consider using sprintf_s instead. To disable deprecation, use _CRT_SECURE_NO_WARNINGS. See online help for details.
C:\Users\marzi\Documents\PG\bulletHell\191005\main.cpp(454,2): warning C4996: 'sprintf': This function or variable may be unsafe. Consider using sprintf_s instead. To disable deprecation, use _CRT_SECURE_NO_WARNINGS. See online help for details.
C:\Users\marzi\Documents\PG\bulletHell\191005\main.cpp(462,3): warning C4996: 'sprintf': This function or variable may be unsafe. Consider using sprintf_s instead. To disable deprecation, use _CRT_SECURE_NO_WARNINGS. See online help for details.
C:\Users\marzi\Documents\PG\bulletHell\191005\main.cpp(487,25): warning C4244: "argument": konwersja z "double" do "Uint32", możliwa utrata danych
  szablon2vs17.vcxproj -> C:\Users\marzi\Documents\PG\bulletHell\191005\x64\Debug\szablon2vs17.exe
